<?xml version="1.0" encoding="UTF-8"?>
<!-- Generated by org.testng.reporters.JUnitReportReporter -->
<testsuite hostname="HRWINLI6634" failures="0" tests="1" name="CucumberOptions.TestRunner" time="10.422" errors="0" timestamp="24 Mar 2022 16:46:52 GMT">
  <testcase classname="CucumberOptions.TestRunner" name="feature" time="10.422"/>
</testsuite> <!-- CucumberOptions.TestRunner -->
